<?xml version="1.0" encoding="UTF-8"?>
<coverage generated="1472233692">
  <project timestamp="1472233692">
    <package name="App\Common\Entity">
      <file name="/home/kpicaza/server/todolist/crud/src/App/Common/Entity/AggregateRootId.php">
        <class name="AggregateRootId" namespace="App\Common\Entity">
          <metrics complexity="3" methods="3" coveredmethods="3" conditionals="0" coveredconditionals="0" statements="4" coveredstatements="4" elements="7" coveredelements="7"/>
        </class>
        <line num="24" type="method" name="__construct" visibility="public" complexity="1" crap="1" count="11"/>
        <line num="26" type="stmt" count="11"/>
        <line num="27" type="stmt" count="11"/>
        <line num="34" type="method" name="fromString" visibility="public" complexity="1" crap="1" count="5"/>
        <line num="36" type="stmt" count="5"/>
        <line num="43" type="method" name="__toString" visibility="public" complexity="1" crap="1" count="2"/>
        <line num="45" type="stmt" count="2"/>
        <metrics loc="47" ncloc="24" classes="1" methods="3" coveredmethods="3" conditionals="0" coveredconditionals="0" statements="4" coveredstatements="4" elements="7" coveredelements="7"/>
      </file>
      <file name="/home/kpicaza/server/todolist/crud/src/App/Common/Entity/Progress.php">
        <class name="Progress" namespace="App\Common\Entity">
          <metrics complexity="6" methods="3" coveredmethods="3" conditionals="0" coveredconditionals="0" statements="7" coveredstatements="7" elements="10" coveredelements="10"/>
        </class>
        <line num="17" type="method" name="__construct" visibility="public" complexity="4" crap="4" count="16"/>
        <line num="19" type="stmt" count="16"/>
        <line num="20" type="stmt" count="3"/>
        <line num="22" type="stmt" count="3"/>
        <line num="25" type="stmt" count="13"/>
        <line num="26" type="stmt" count="13"/>
        <line num="32" type="method" name="isDone" visibility="public" complexity="1" crap="1" count="3"/>
        <line num="34" type="stmt" count="3"/>
        <line num="41" type="method" name="get" visibility="public" complexity="1" crap="1" count="3"/>
        <line num="43" type="stmt" count="3"/>
        <metrics loc="45" ncloc="29" classes="1" methods="3" coveredmethods="3" conditionals="0" coveredconditionals="0" statements="7" coveredstatements="7" elements="10" coveredelements="10"/>
      </file>
    </package>
    <file name="/home/kpicaza/server/todolist/crud/src/App/Common/Entity/ProgressInterface.php">
      <metrics loc="25" ncloc="11" classes="0" methods="0" coveredmethods="0" conditionals="0" coveredconditionals="0" statements="0" coveredstatements="0" elements="0" coveredelements="0"/>
    </file>
    <file name="/home/kpicaza/server/todolist/crud/src/App/Common/Gateway/GatewayInterface.php">
      <metrics loc="17" ncloc="11" classes="0" methods="0" coveredmethods="0" conditionals="0" coveredconditionals="0" statements="0" coveredstatements="0" elements="0" coveredelements="0"/>
    </file>
    <package name="App\Tasks\Controller">
      <file name="/home/kpicaza/server/todolist/crud/src/App/Tasks/Controller/TaskController.php">
        <class name="TaskController" namespace="App\Tasks\Controller" fullPackage="App" package="App">
          <metrics complexity="5" methods="2" coveredmethods="2" conditionals="0" coveredconditionals="0" statements="18" coveredstatements="18" elements="20" coveredelements="20"/>
        </class>
        <line num="38" type="method" name="__construct" visibility="public" complexity="1" crap="1" count="2"/>
        <line num="40" type="stmt" count="2"/>
        <line num="41" type="stmt" count="2"/>
        <line num="42" type="stmt" count="2"/>
        <line num="48" type="method" name="postAction" visibility="public" complexity="4" crap="4" count="2"/>
        <line num="50" type="stmt" count="2"/>
        <line num="53" type="stmt" count="2"/>
        <line num="54" type="stmt" count="1"/>
        <line num="56" type="stmt" count="1"/>
        <line num="59" type="stmt" count="1"/>
        <line num="60" type="stmt" count="1"/>
        <line num="61" type="stmt" count="1"/>
        <line num="62" type="stmt" count="1"/>
        <line num="64" type="stmt" count="1"/>
        <line num="65" type="stmt" count="1"/>
        <line num="66" type="stmt" count="1"/>
        <line num="67" type="stmt" count="1"/>
        <line num="69" type="stmt" count="2"/>
        <line num="70" type="stmt" count="1"/>
        <line num="73" type="stmt" count="1"/>
        <metrics loc="75" ncloc="53" classes="1" methods="2" coveredmethods="2" conditionals="0" coveredconditionals="0" statements="18" coveredstatements="18" elements="20" coveredelements="20"/>
      </file>
    </package>
    <package name="App\Tasks\Entity">
      <file name="/home/kpicaza/server/todolist/crud/src/App/Tasks/Entity/Task.php">
        <class name="Task" namespace="App\Tasks\Entity" fullPackage="App" package="App">
          <metrics complexity="5" methods="4" coveredmethods="4" conditionals="0" coveredconditionals="0" statements="10" coveredstatements="10" elements="14" coveredelements="14"/>
        </class>
        <line num="41" type="method" name="__construct" visibility="public" complexity="2" crap="2" count="10"/>
        <line num="43" type="stmt" count="10"/>
        <line num="44" type="stmt" count="10"/>
        <line num="46" type="stmt" count="10"/>
        <line num="47" type="stmt" count="1"/>
        <line num="49" type="stmt" count="1"/>
        <line num="52" type="stmt" count="9"/>
        <line num="53" type="stmt" count="9"/>
        <line num="59" type="method" name="id" visibility="public" complexity="1" crap="1" count="1"/>
        <line num="61" type="stmt" count="1"/>
        <line num="68" type="method" name="getProgress" visibility="public" complexity="1" crap="1" count="3"/>
        <line num="70" type="stmt" count="3"/>
        <line num="77" type="method" name="getDescription" visibility="public" complexity="1" crap="1" count="2"/>
        <line num="79" type="stmt" count="2"/>
        <metrics loc="81" ncloc="44" classes="1" methods="4" coveredmethods="4" conditionals="0" coveredconditionals="0" statements="10" coveredstatements="10" elements="14" coveredelements="14"/>
      </file>
      <file name="/home/kpicaza/server/todolist/crud/src/App/Tasks/Entity/TaskFactory.php">
        <class name="TaskFactory" namespace="App\Tasks\Entity" fullPackage="App" package="App">
          <metrics complexity="1" methods="1" coveredmethods="1" conditionals="0" coveredconditionals="0" statements="2" coveredstatements="2" elements="3" coveredelements="3"/>
        </class>
        <line num="23" type="method" name="make" visibility="public" complexity="1" crap="1" count="2"/>
        <line num="25" type="stmt" count="2"/>
        <line num="27" type="stmt" count="2"/>
        <metrics loc="29" ncloc="17" classes="1" methods="1" coveredmethods="1" conditionals="0" coveredconditionals="0" statements="2" coveredstatements="2" elements="3" coveredelements="3"/>
      </file>
      <file name="/home/kpicaza/server/todolist/crud/src/App/Tasks/Entity/TaskId.php">
        <class name="TaskId" namespace="App\Tasks\Entity" fullPackage="App" package="App">
          <metrics complexity="0" methods="0" coveredmethods="0" conditionals="0" coveredconditionals="0" statements="0" coveredstatements="0" elements="0" coveredelements="0"/>
        </class>
        <metrics loc="17" ncloc="10" classes="1" methods="0" coveredmethods="0" conditionals="0" coveredconditionals="0" statements="0" coveredstatements="0" elements="0" coveredelements="0"/>
      </file>
    </package>
    <file name="/home/kpicaza/server/todolist/crud/src/App/Tasks/Entity/TaskInterface.php">
      <metrics loc="32" ncloc="13" classes="0" methods="0" coveredmethods="0" conditionals="0" coveredconditionals="0" statements="0" coveredstatements="0" elements="0" coveredelements="0"/>
    </file>
    <package name="App\Tasks\Event">
      <file name="/home/kpicaza/server/todolist/crud/src/App/Tasks/Event/Events.php">
        <class name="Events" namespace="App\Tasks\Event" fullPackage="App" package="App">
          <metrics complexity="0" methods="0" coveredmethods="0" conditionals="0" coveredconditionals="0" statements="0" coveredstatements="0" elements="0" coveredelements="0"/>
        </class>
        <metrics loc="16" ncloc="9" classes="1" methods="0" coveredmethods="0" conditionals="0" coveredconditionals="0" statements="0" coveredstatements="0" elements="0" coveredelements="0"/>
      </file>
      <file name="/home/kpicaza/server/todolist/crud/src/App/Tasks/Event/TaskAdded.php">
        <class name="TaskAdded" namespace="App\Tasks\Event" fullPackage="App" package="App">
          <metrics complexity="4" methods="4" coveredmethods="4" conditionals="0" coveredconditionals="0" statements="6" coveredstatements="6" elements="10" coveredelements="10"/>
        </class>
        <line num="33" type="method" name="__construct" visibility="public" complexity="1" crap="1" count="4"/>
        <line num="35" type="stmt" count="4"/>
        <line num="36" type="stmt" count="4"/>
        <line num="37" type="stmt" count="4"/>
        <line num="42" type="method" name="getName" visibility="public" complexity="1" crap="1" count="1"/>
        <line num="44" type="stmt" count="1"/>
        <line num="50" type="method" name="getTask" visibility="public" complexity="1" crap="1" count="1"/>
        <line num="52" type="stmt" count="1"/>
        <line num="58" type="method" name="getReceivedAt" visibility="public" complexity="1" crap="1" count="1"/>
        <line num="60" type="stmt" count="1"/>
        <metrics loc="62" ncloc="35" classes="1" methods="4" coveredmethods="4" conditionals="0" coveredconditionals="0" statements="6" coveredstatements="6" elements="10" coveredelements="10"/>
      </file>
    </package>
    <package name="App\Tasks\EventListener">
      <file name="/home/kpicaza/server/todolist/crud/src/App/Tasks/EventListener/TaskPersistedListener.php">
        <class name="TaskPersistedListener" namespace="App\Tasks\EventListener" fullPackage="App" package="App">
          <metrics complexity="1" methods="1" coveredmethods="0" conditionals="0" coveredconditionals="0" statements="1" coveredstatements="0" elements="2" coveredelements="0"/>
        </class>
        <line num="18" type="method" name="onTaskPersisted" visibility="public" complexity="1" crap="2" count="0"/>
        <line num="20" type="stmt" count="0"/>
        <metrics loc="22" ncloc="12" classes="1" methods="1" coveredmethods="0" conditionals="0" coveredconditionals="0" statements="1" coveredstatements="0" elements="2" coveredelements="0"/>
      </file>
    </package>
    <package name="App\Tasks\Repository">
      <file name="/home/kpicaza/server/todolist/crud/src/App/Tasks/Repository/TaskRepository.php">
        <class name="TaskRepository" namespace="App\Tasks\Repository" fullPackage="App" package="App">
          <metrics complexity="2" methods="2" coveredmethods="2" conditionals="0" coveredconditionals="0" statements="7" coveredstatements="7" elements="9" coveredelements="9"/>
        </class>
        <line num="33" type="method" name="__construct" visibility="public" complexity="1" crap="1" count="3"/>
        <line num="35" type="stmt" count="3"/>
        <line num="36" type="stmt" count="3"/>
        <line num="37" type="stmt" count="3"/>
        <line num="44" type="method" name="insert" visibility="public" complexity="1" crap="1" count="2"/>
        <line num="46" type="stmt" count="2"/>
        <line num="48" type="stmt" count="2"/>
        <line num="49" type="stmt" count="2"/>
        <line num="51" type="stmt" count="2"/>
        <metrics loc="53" ncloc="30" classes="1" methods="2" coveredmethods="2" conditionals="0" coveredconditionals="0" statements="7" coveredstatements="7" elements="9" coveredelements="9"/>
      </file>
    </package>
    <metrics files="13" loc="521" ncloc="298" classes="10" methods="20" coveredmethods="19" conditionals="0" coveredconditionals="0" statements="55" coveredstatements="54" elements="75" coveredelements="73"/>
  </project>
</coverage>
